<?xml version="1.0" encoding="UTF-8"?>
<testsuite xmlns:xsi="http://www.w3.org/2001/XMLSchema-instance" xsi:noNamespaceSchemaLocation="https://maven.apache.org/surefire/maven-surefire-plugin/xsd/surefire-test-report.xsd" version="3.0.2" name="com.avito.qainternship.tests.GetItemsBySellerIdTests" time="6.357" tests="3" errors="0" skipped="0" failures="0">
  <properties>
[...]
</properties>
  <testcase name="shouldReturnBothCreatedItemsForSeller" classname="com.avito.qainternship.tests.GetItemsBySellerIdTests" time="3.984"/>
  <testcase name="shouldReturn400ForInvalidSellerIdFormat" classname="com.avito.qainternship.tests.GetItemsBySellerIdTests" time="0.424"/>
  <testcase name="shouldReturnItemsForSeller" classname="com.avito.qainternship.tests.GetItemsBySellerIdTests" time="1.928"/>
</testsuite>